[0m10:41:26.390879 [debug] [MainThread]: Sending event: {'category': 'dbt', 'action': 'invocation', 'label': 'start', 'context': [<snowplow_tracker.self_describing_json.SelfDescribingJson object at 0x000001FC7625AC10>, <snowplow_tracker.self_describing_json.SelfDescribingJson object at 0x000001FC7625AA90>, <snowplow_tracker.self_describing_json.SelfDescribingJson object at 0x000001FC7625AF50>]}


============================== 10:41:26.401635 | bac1198b-21d9-41a6-bd69-33a7727acad1 ==============================
[0m10:41:26.401635 [info ] [MainThread]: Running with dbt=1.8.5
[0m10:41:26.406764 [debug] [MainThread]: running dbt with arguments {'printer_width': '80', 'indirect_selection': 'eager', 'write_json': 'True', 'log_cache_events': 'False', 'partial_parse': 'True', 'cache_selected_only': 'False', 'warn_error': 'None', 'debug': 'False', 'version_check': 'True', 'log_path': 'logs', 'fail_fast': 'False', 'profiles_dir': 'C:\\Users\\anmol\\.dbt', 'use_colors': 'True', 'use_experimental_parser': 'False', 'no_print': 'None', 'quiet': 'False', 'empty': 'None', 'warn_error_options': 'WarnErrorOptions(include=[], exclude=[])', 'static_parser': 'True', 'invocation_command': 'dbt init ecommerce_analysis', 'log_format': 'default', 'target_path': 'None', 'introspect': 'True', 'send_anonymous_usage_stats': 'True'}
[0m10:41:26.482952 [warn ] [MainThread]: [ConfigFolderDirectory]: Unable to parse dict {'dir': WindowsPath('C:/Users/anmol/.dbt')}
[0m10:41:26.490970 [info ] [MainThread]: Creating dbt configuration folder at 
[0m10:41:26.499051 [debug] [MainThread]: Starter project path: C:\Users\anmol\Desktop\de\de_env\Lib\site-packages\dbt\include\starter_project
[0m10:41:26.626288 [info ] [MainThread]: 
Your new dbt project "ecommerce_analysis" was created!

For more information on how to configure the profiles.yml file,
please consult the dbt documentation here:

  https://docs.getdbt.com/docs/configure-your-profile

One more thing:

Need help? Don't hesitate to reach out to us via GitHub issues or on Slack:

  https://community.getdbt.com/

Happy modeling!

[0m10:41:26.638712 [info ] [MainThread]: Setting up your profile.
[0m10:46:01.953246 [info ] [MainThread]: Profile ecommerce_analysis written to C:\Users\anmol\.dbt\profiles.yml using target's profile_template.yml and your supplied values. Run 'dbt debug' to validate the connection.
[0m10:46:01.953246 [debug] [MainThread]: Command `dbt init` succeeded at 10:46:01.953246 after 275.73 seconds
[0m10:46:01.961614 [debug] [MainThread]: Sending event: {'category': 'dbt', 'action': 'invocation', 'label': 'end', 'context': [<snowplow_tracker.self_describing_json.SelfDescribingJson object at 0x000001FC7626B410>, <snowplow_tracker.self_describing_json.SelfDescribingJson object at 0x000001FC6F8B26D0>, <snowplow_tracker.self_describing_json.SelfDescribingJson object at 0x000001FC75FF8550>]}
[0m10:46:01.963167 [debug] [MainThread]: Flushing usage events
[0m10:49:41.430229 [debug] [MainThread]: Sending event: {'category': 'dbt', 'action': 'invocation', 'label': 'start', 'context': [<snowplow_tracker.self_describing_json.SelfDescribingJson object at 0x0000027337A37610>, <snowplow_tracker.self_describing_json.SelfDescribingJson object at 0x0000027337A756D0>, <snowplow_tracker.self_describing_json.SelfDescribingJson object at 0x0000027337615C90>]}


============================== 10:49:41.444364 | 4b184826-2102-40da-b8fd-26ae4d020245 ==============================
[0m10:49:41.444364 [info ] [MainThread]: Running with dbt=1.8.5
[0m10:49:41.447963 [debug] [MainThread]: running dbt with arguments {'printer_width': '80', 'indirect_selection': 'eager', 'log_cache_events': 'False', 'write_json': 'True', 'partial_parse': 'True', 'cache_selected_only': 'False', 'warn_error': 'None', 'version_check': 'True', 'profiles_dir': 'C:\\Users\\anmol\\.dbt', 'log_path': 'logs', 'debug': 'False', 'fail_fast': 'False', 'use_colors': 'True', 'use_experimental_parser': 'False', 'empty': 'None', 'quiet': 'False', 'no_print': 'None', 'warn_error_options': 'WarnErrorOptions(include=[], exclude=[])', 'invocation_command': 'dbt debug', 'introspect': 'True', 'static_parser': 'True', 'target_path': 'None', 'log_format': 'default', 'send_anonymous_usage_stats': 'True'}
[0m10:49:41.546971 [info ] [MainThread]: dbt version: 1.8.5
[0m10:49:41.548042 [info ] [MainThread]: python version: 3.11.4
[0m10:49:41.549605 [info ] [MainThread]: python path: C:\Users\anmol\Desktop\de\de_env\Scripts\python.exe
[0m10:49:41.549605 [info ] [MainThread]: os info: Windows-10-10.0.22631-SP0
[0m10:49:44.191009 [info ] [MainThread]: Using profiles dir at C:\Users\anmol\.dbt
[0m10:49:44.193345 [info ] [MainThread]: Using profiles.yml file at C:\Users\anmol\.dbt\profiles.yml
[0m10:49:44.196995 [info ] [MainThread]: Using dbt_project.yml file at C:\Users\anmol\Desktop\de\dbt\dbt_project.yml
[0m10:49:44.200881 [info ] [MainThread]: adapter type: snowflake
[0m10:49:44.205033 [info ] [MainThread]: adapter version: 1.8.3
[0m10:49:44.209339 [info ] [MainThread]: Configuration:
[0m10:49:44.209339 [info ] [MainThread]:   profiles.yml file [[32mOK found and valid[0m]
[0m10:49:44.216202 [info ] [MainThread]:   dbt_project.yml file [[31mERROR not found[0m]
[0m10:49:44.219595 [info ] [MainThread]: Required dependencies:
[0m10:49:44.221392 [debug] [MainThread]: Executing "git --help"
[0m10:49:44.393393 [debug] [MainThread]: STDOUT: "b"usage: git [-v | --version] [-h | --help] [-C <path>] [-c <name>=<value>]\n           [--exec-path[=<path>]] [--html-path] [--man-path] [--info-path]\n           [-p | --paginate | -P | --no-pager] [--no-replace-objects] [--bare]\n           [--git-dir=<path>] [--work-tree=<path>] [--namespace=<name>]\n           [--config-env=<name>=<envvar>] <command> [<args>]\n\nThese are common Git commands used in various situations:\n\nstart a working area (see also: git help tutorial)\n   clone     Clone a repository into a new directory\n   init      Create an empty Git repository or reinitialize an existing one\n\nwork on the current change (see also: git help everyday)\n   add       Add file contents to the index\n   mv        Move or rename a file, a directory, or a symlink\n   restore   Restore working tree files\n   rm        Remove files from the working tree and from the index\n\nexamine the history and state (see also: git help revisions)\n   bisect    Use binary search to find the commit that introduced a bug\n   diff      Show changes between commits, commit and working tree, etc\n   grep      Print lines matching a pattern\n   log       Show commit logs\n   show      Show various types of objects\n   status    Show the working tree status\n\ngrow, mark and tweak your common history\n   branch    List, create, or delete branches\n   commit    Record changes to the repository\n   merge     Join two or more development histories together\n   rebase    Reapply commits on top of another base tip\n   reset     Reset current HEAD to the specified state\n   switch    Switch branches\n   tag       Create, list, delete or verify a tag object signed with GPG\n\ncollaborate (see also: git help workflows)\n   fetch     Download objects and refs from another repository\n   pull      Fetch from and integrate with another repository or a local branch\n   push      Update remote refs along with associated objects\n\n'git help -a' and 'git help -g' list available subcommands and some\nconcept guides. See 'git help <command>' or 'git help <concept>'\nto read about a specific subcommand or concept.\nSee 'git help git' for an overview of the system.\n""
[0m10:49:44.393393 [debug] [MainThread]: STDERR: "b''"
[0m10:49:44.398012 [info ] [MainThread]:  - git [[32mOK found[0m]

[0m10:49:44.398012 [info ] [MainThread]: Connection:
[0m10:49:44.398012 [info ] [MainThread]:   account: vq71739.us-east-2.aws
[0m10:49:44.404752 [info ] [MainThread]:   user: avm007
[0m10:49:44.407580 [info ] [MainThread]:   database: ecommerce_logs
[0m10:49:44.411170 [info ] [MainThread]:   warehouse: product_analysis
[0m10:49:44.411170 [info ] [MainThread]:   role: ACCOUNTADMIN
[0m10:49:44.416744 [info ] [MainThread]:   schema: web_activity_schema
[0m10:49:44.416744 [info ] [MainThread]:   authenticator: None
[0m10:49:44.416744 [info ] [MainThread]:   oauth_client_id: None
[0m10:49:44.425575 [info ] [MainThread]:   query_tag: None
[0m10:49:44.429652 [info ] [MainThread]:   client_session_keep_alive: False
[0m10:49:44.429652 [info ] [MainThread]:   host: None
[0m10:49:44.434218 [info ] [MainThread]:   port: None
[0m10:49:44.436883 [info ] [MainThread]:   proxy_host: None
[0m10:49:44.441979 [info ] [MainThread]:   proxy_port: None
[0m10:49:44.446575 [info ] [MainThread]:   protocol: None
[0m10:49:44.446674 [info ] [MainThread]:   connect_retries: 1
[0m10:49:44.446674 [info ] [MainThread]:   connect_timeout: None
[0m10:49:44.446674 [info ] [MainThread]:   retry_on_database_errors: False
[0m10:49:44.454323 [info ] [MainThread]:   retry_all: False
[0m10:49:44.459047 [info ] [MainThread]:   insecure_mode: False
[0m10:49:44.460806 [info ] [MainThread]:   reuse_connections: None
[0m10:49:44.466912 [info ] [MainThread]: Registered adapter: snowflake=1.8.3
[0m10:49:44.470439 [debug] [MainThread]: Acquiring new snowflake connection 'debug'
[0m10:49:44.474036 [debug] [MainThread]: Using snowflake connection "debug"
[0m10:49:44.475195 [debug] [MainThread]: On debug: select 1 as id
[0m10:49:44.479071 [debug] [MainThread]: Opening a new connection, currently in state init
[0m10:49:46.658186 [debug] [MainThread]: SQL status: SUCCESS 1 in 2.179 seconds
[0m10:49:46.662257 [debug] [MainThread]: On debug: Close
[0m10:49:46.777732 [info ] [MainThread]:   Connection test: [[32mOK connection ok[0m]

[0m10:49:46.786879 [info ] [MainThread]: [31m1 check failed:[0m
[0m10:49:46.792157 [info ] [MainThread]: Project loading failed for the following reason:
 project path <C:\Users\anmol\Desktop\de\dbt\dbt_project.yml> not found

[0m10:49:46.797001 [debug] [MainThread]: Command `dbt debug` failed at 10:49:46.797001 after 5.66 seconds
[0m10:49:46.805994 [debug] [MainThread]: Connection 'debug' was properly closed.
[0m10:49:46.808163 [debug] [MainThread]: Sending event: {'category': 'dbt', 'action': 'invocation', 'label': 'end', 'context': [<snowplow_tracker.self_describing_json.SelfDescribingJson object at 0x00000273310E26D0>, <snowplow_tracker.self_describing_json.SelfDescribingJson object at 0x00000273474B6AD0>, <snowplow_tracker.self_describing_json.SelfDescribingJson object at 0x00000273366EC350>]}
[0m10:49:46.812399 [debug] [MainThread]: Flushing usage events
